# JRE version: OpenJDK Runtime Environment Zulu17.32+13-CA (17.0.2+8) (build 17.0.2+8-LTS)
# Java VM: OpenJDK 64-Bit Server VM Zulu17.32+13-CA (17.0.2+8-LTS, mixed mode, sharing, tiered, compressed oops, compressed class ptrs, g1 gc, windows-amd64)
GC Precious Log:
 CPUs: 12 total, 12 available
 Memory: 15697M
 Large Page Support: Disabled
 NUMA Support: Disabled
 Compressed Oops: Enabled (Zero based)
 Heap Region Size: 2M
 Heap Min Capacity: 8M
 Heap Initial Capacity: 246M
 Heap Max Capacity: 3926M
 Pre-touch: Disabled
 Parallel Workers: 10
 Concurrent Workers: 3
 Concurrent Refinement Workers: 10
 Periodic GC: Disabled
Heap:
 garbage-first heap   total 110592K, used 56621K [0x000000070aa00000, 0x0000000800000000)
  region size 2048K, 19 young (38912K), 3 survivors (6144K)
 Metaspace       used 63326K, committed 63872K, reserved 1105920K
  class space    used 8946K, committed 9216K, reserved 1048576K
GC Heap History (20 events):
Event: 1.793 GC heap before
{Heap before GC invocations=1 (full 0):
 garbage-first heap   total 251904K, used 31206K [0x000000070aa00000, 0x0000000800000000)
  region size 2048K, 14 young (28672K), 2 survivors (4096K)
 Metaspace       used 10620K, committed 10944K, reserved 1064960K
  class space    used 1392K, committed 1536K, reserved 1048576K
}
Event: 1.799 GC heap after
{Heap after GC invocations=2 (full 0):
 garbage-first heap   total 251904K, used 8855K [0x000000070aa00000, 0x0000000800000000)
  region size 2048K, 2 young (4096K), 2 survivors (4096K)
 Metaspace       used 10620K, committed 10944K, reserved 1064960K
  class space    used 1392K, committed 1536K, reserved 1048576K
}
Event: 2.805 GC heap before
{Heap before GC invocations=2 (full 0):
 garbage-first heap   total 251904K, used 66199K [0x000000070aa00000, 0x0000000800000000)
  region size 2048K, 31 young (63488K), 2 survivors (4096K)
 Metaspace       used 21267K, committed 21504K, reserved 1073152K
  class space    used 2803K, committed 2944K, reserved 1048576K
}
Event: 2.813 GC heap after
{Heap after GC invocations=3 (full 0):
 garbage-first heap   total 251904K, used 13125K [0x000000070aa00000, 0x0000000800000000)
  region size 2048K, 4 young (8192K), 4 survivors (8192K)
 Metaspace       used 21267K, committed 21504K, reserved 1073152K
  class space    used 2803K, committed 2944K, reserved 1048576K
}
Event: 3.543 GC heap before
{Heap before GC invocations=4 (full 0):
 garbage-first heap   total 61440K, used 41797K [0x000000070aa00000, 0x0000000800000000)
  region size 2048K, 18 young (36864K), 4 survivors (8192K)
 Metaspace       used 25226K, committed 25472K, reserved 1073152K
  class space    used 3344K, committed 3456K, reserved 1048576K
}
Event: 3.552 GC heap after
{Heap after GC invocations=5 (full 0):
 garbage-first heap   total 61440K, used 15434K [0x000000070aa00000, 0x0000000800000000)
  region size 2048K, 2 young (4096K), 2 survivors (4096K)
 Metaspace       used 25226K, committed 25472K, reserved 1073152K
  class space    used 3344K, committed 3456K, reserved 1048576K
}
Event: 3.633 GC heap before
{Heap before GC invocations=5 (full 0):
 garbage-first heap   total 61440K, used 15434K [0x000000070aa00000, 0x0000000800000000)
  region size 2048K, 3 young (6144K), 2 survivors (4096K)
 Metaspace       used 25549K, committed 25856K, reserved 1073152K
  class space    used 3384K, committed 3520K, reserved 1048576K
}
Event: 3.637 GC heap after
{Heap after GC invocations=6 (full 0):
 garbage-first heap   total 61440K, used 15772K [0x000000070aa00000, 0x0000000800000000)
  region size 2048K, 1 young (2048K), 1 survivors (2048K)
 Metaspace       used 25549K, committed 25856K, reserved 1073152K
  class space    used 3384K, committed 3520K, reserved 1048576K
}
Event: 4.447 GC heap before
{Heap before GC invocations=6 (full 0):
 garbage-first heap   total 61440K, used 38300K [0x000000070aa00000, 0x0000000800000000)
  region size 2048K, 12 young (24576K), 1 survivors (2048K)
 Metaspace       used 28858K, committed 29248K, reserved 1081344K
  class space    used 3857K, committed 4032K, reserved 1048576K
}
Event: 4.452 GC heap after
{Heap after GC invocations=7 (full 0):
 garbage-first heap   total 61440K, used 17049K [0x000000070aa00000, 0x0000000800000000)
  region size 2048K, 1 young (2048K), 1 survivors (2048K)
 Metaspace       used 28858K, committed 29248K, reserved 1081344K
  class space    used 3857K, committed 4032K, reserved 1048576K
}
Event: 5.295 GC heap before
{Heap before GC invocations=7 (full 0):
 garbage-first heap   total 61440K, used 41625K [0x000000070aa00000, 0x0000000800000000)
  region size 2048K, 13 young (26624K), 1 survivors (2048K)
 Metaspace       used 32962K, committed 33280K, reserved 1081344K
  class space    used 4457K, committed 4608K, reserved 1048576K
}
Event: 5.299 GC heap after
{Heap after GC invocations=8 (full 0):
 garbage-first heap   total 61440K, used 18635K [0x000000070aa00000, 0x0000000800000000)
  region size 2048K, 2 young (4096K), 2 survivors (4096K)
 Metaspace       used 32962K, committed 33280K, reserved 1081344K
  class space    used 4457K, committed 4608K, reserved 1048576K
}
Event: 5.680 GC heap before
{Heap before GC invocations=8 (full 0):
 garbage-first heap   total 61440K, used 28875K [0x000000070aa00000, 0x0000000800000000)
  region size 2048K, 8 young (16384K), 2 survivors (4096K)
 Metaspace       used 35572K, committed 35968K, reserved 1081344K
  class space    used 4886K, committed 5056K, reserved 1048576K
}
Event: 5.684 GC heap after
{Heap after GC invocations=9 (full 0):
 garbage-first heap   total 61440K, used 19173K [0x000000070aa00000, 0x0000000800000000)
  region size 2048K, 2 young (4096K), 2 survivors (4096K)
 Metaspace       used 35572K, committed 35968K, reserved 1081344K
  class space    used 4886K, committed 5056K, reserved 1048576K
}
Event: 6.363 GC heap before
{Heap before GC invocations=10 (full 0):
 garbage-first heap   total 61440K, used 41701K [0x000000070aa00000, 0x0000000800000000)
  region size 2048K, 14 young (28672K), 2 survivors (4096K)
 Metaspace       used 41675K, committed 42048K, reserved 1089536K
  class space    used 5697K, committed 5888K, reserved 1048576K
}
Event: 6.368 GC heap after
{Heap after GC invocations=11 (full 0):
 garbage-first heap   total 157696K, used 21193K [0x000000070aa00000, 0x0000000800000000)
  region size 2048K, 2 young (4096K), 2 survivors (4096K)
 Metaspace       used 41675K, committed 42048K, reserved 1089536K
  class space    used 5697K, committed 5888K, reserved 1048576K
}
Event: 6.418 GC heap before
{Heap before GC invocations=11 (full 0):
 garbage-first heap   total 157696K, used 23241K [0x000000070aa00000, 0x0000000800000000)
  region size 2048K, 3 young (6144K), 2 survivors (4096K)
 Metaspace       used 42062K, committed 42496K, reserved 1089536K
  class space    used 5751K, committed 5952K, reserved 1048576K
}
Event: 6.424 GC heap after
{Heap after GC invocations=12 (full 0):
 garbage-first heap   total 157696K, used 21340K [0x000000070aa00000, 0x0000000800000000)
  region size 2048K, 1 young (2048K), 1 survivors (2048K)
 Metaspace       used 42062K, committed 42496K, reserved 1089536K
  class space    used 5751K, committed 5952K, reserved 1048576K
}
Event: 8.413 GC heap before
{Heap before GC invocations=12 (full 0):
 garbage-first heap   total 157696K, used 109404K [0x000000070aa00000, 0x0000000800000000)
  region size 2048K, 45 young (92160K), 1 survivors (2048K)
 Metaspace       used 59720K, committed 60160K, reserved 1105920K
  class space    used 8356K, committed 8576K, reserved 1048576K
}
Event: 8.420 GC heap after
{Heap after GC invocations=13 (full 0):
 garbage-first heap   total 157696K, used 25901K [0x000000070aa00000, 0x0000000800000000)
  region size 2048K, 3 young (6144K), 3 survivors (6144K)
 Metaspace       used 59720K, committed 60160K, reserved 1105920K
  class space    used 8356K, committed 8576K, reserved 1048576K
}

